# JRE version: OpenJDK Runtime Environment Temurin-21.0.8+9 (21.0.8+9) (build 21.0.8+9-LTS)
# Java VM: OpenJDK 64-Bit Server VM Temurin-21.0.8+9 (21.0.8+9-LTS, mixed mode, sharing, tiered, compressed oops, compressed class ptrs, parallel gc, windows-amd64)
GC Precious Log:
 CardTable entry size: 512
 CPUs: 8 total, 8 available
 Memory: 16257M
 Large Page Support: Disabled
 NUMA Support: Disabled
 Compressed Oops: Enabled (32-bit)
 Alignments: Space 512K, Generation 512K, Heap 2M
 Heap Min Capacity: 100M
 Heap Initial Capacity: 100M
 Heap Max Capacity: 2G
 Pre-touch: Disabled
 Parallel Workers: 8
Heap:
 PSYoungGen      total 4096K, used 3107K [0x00000000d5580000, 0x00000000d5b80000, 0x0000000100000000)
  eden space 3584K, 78% used [0x00000000d5580000,0x00000000d5840dd8,0x00000000d5900000)
  from space 512K, 56% used [0x00000000d5b00000,0x00000000d5b48020,0x00000000d5b80000)
  to   space 512K, 0% used [0x00000000d5a80000,0x00000000d5a80000,0x00000000d5b00000)
 ParOldGen       total 804352K, used 71437K [0x0000000080000000, 0x00000000b1180000, 0x00000000d5580000)
  object space 804352K, 8% used [0x0000000080000000,0x00000000845c3678,0x00000000b1180000)
 Metaspace       used 58335K, committed 60032K, reserved 1114112K
  class space    used 6085K, committed 6848K, reserved 1048576K
GC Heap History (20 events):
Event: 21223.674 GC heap before
{Heap before GC invocations=1284 (full 3):
 PSYoungGen      total 4096K, used 3839K [0x00000000d5580000, 0x00000000d5b80000, 0x0000000100000000)
  eden space 3584K, 99% used [0x00000000d5580000,0x00000000d58fff50,0x00000000d5900000)
  from space 512K, 50% used [0x00000000d5b00000,0x00000000d5b40000,0x00000000d5b80000)
  to   space 512K, 0% used [0x00000000d5a80000,0x00000000d5a80000,0x00000000d5b00000)
 ParOldGen       total 804352K, used 70509K [0x0000000080000000, 0x00000000b1180000, 0x00000000d5580000)
  object space 804352K, 8% used [0x0000000080000000,0x00000000844db5e8,0x00000000b1180000)
 Metaspace       used 58126K, committed 59840K, reserved 1114112K
  class space    used 6084K, committed 6848K, reserved 1048576K
}
Event: 21223.675 GC heap after
{Heap after GC invocations=1284 (full 3):
 PSYoungGen      total 4096K, used 320K [0x00000000d5580000, 0x00000000d5b80000, 0x0000000100000000)
  eden space 3584K, 0% used [0x00000000d5580000,0x00000000d5580000,0x00000000d5900000)
  from space 512K, 62% used [0x00000000d5a80000,0x00000000d5ad0020,0x00000000d5b00000)
  to   space 512K, 0% used [0x00000000d5b00000,0x00000000d5b00000,0x00000000d5b80000)
 ParOldGen       total 804352K, used 70565K [0x0000000080000000, 0x00000000b1180000, 0x00000000d5580000)
  object space 804352K, 8% used [0x0000000080000000,0x00000000844e95e8,0x00000000b1180000)
 Metaspace       used 58126K, committed 59840K, reserved 1114112K
  class space    used 6084K, committed 6848K, reserved 1048576K
}
Event: 21369.357 GC heap before
{Heap before GC invocations=1285 (full 3):
 PSYoungGen      total 4096K, used 3904K [0x00000000d5580000, 0x00000000d5b80000, 0x0000000100000000)
  eden space 3584K, 100% used [0x00000000d5580000,0x00000000d5900000,0x00000000d5900000)
  from space 512K, 62% used [0x00000000d5a80000,0x00000000d5ad0020,0x00000000d5b00000)
  to   space 512K, 0% used [0x00000000d5b00000,0x00000000d5b00000,0x00000000d5b80000)
 ParOldGen       total 804352K, used 70565K [0x0000000080000000, 0x00000000b1180000, 0x00000000d5580000)
  object space 804352K, 8% used [0x0000000080000000,0x00000000844e95e8,0x00000000b1180000)
 Metaspace       used 58135K, committed 59840K, reserved 1114112K
  class space    used 6084K, committed 6848K, reserved 1048576K
}
Event: 21369.359 GC heap after
{Heap after GC invocations=1285 (full 3):
 PSYoungGen      total 4096K, used 416K [0x00000000d5580000, 0x00000000d5b80000, 0x0000000100000000)
  eden space 3584K, 0% used [0x00000000d5580000,0x00000000d5580000,0x00000000d5900000)
  from space 512K, 81% used [0x00000000d5b00000,0x00000000d5b68020,0x00000000d5b80000)
  to   space 512K, 0% used [0x00000000d5a80000,0x00000000d5a80000,0x00000000d5b00000)
 ParOldGen       total 804352K, used 70701K [0x0000000080000000, 0x00000000b1180000, 0x00000000d5580000)
  object space 804352K, 8% used [0x0000000080000000,0x000000008450b618,0x00000000b1180000)
 Metaspace       used 58135K, committed 59840K, reserved 1114112K
  class space    used 6084K, committed 6848K, reserved 1048576K
}
Event: 21384.997 GC heap before
{Heap before GC invocations=1286 (full 3):
 PSYoungGen      total 4096K, used 4000K [0x00000000d5580000, 0x00000000d5b80000, 0x0000000100000000)
  eden space 3584K, 100% used [0x00000000d5580000,0x00000000d5900000,0x00000000d5900000)
  from space 512K, 81% used [0x00000000d5b00000,0x00000000d5b68020,0x00000000d5b80000)
  to   space 512K, 0% used [0x00000000d5a80000,0x00000000d5a80000,0x00000000d5b00000)
 ParOldGen       total 804352K, used 70701K [0x0000000080000000, 0x00000000b1180000, 0x00000000d5580000)
  object space 804352K, 8% used [0x0000000080000000,0x000000008450b618,0x00000000b1180000)
 Metaspace       used 58145K, committed 59840K, reserved 1114112K
  class space    used 6084K, committed 6848K, reserved 1048576K
}
Event: 21384.998 GC heap after
{Heap after GC invocations=1286 (full 3):
 PSYoungGen      total 4096K, used 304K [0x00000000d5580000, 0x00000000d5b80000, 0x0000000100000000)
  eden space 3584K, 0% used [0x00000000d5580000,0x00000000d5580000,0x00000000d5900000)
  from space 512K, 59% used [0x00000000d5a80000,0x00000000d5acc010,0x00000000d5b00000)
  to   space 512K, 0% used [0x00000000d5b00000,0x00000000d5b00000,0x00000000d5b80000)
 ParOldGen       total 804352K, used 70877K [0x0000000080000000, 0x00000000b1180000, 0x00000000d5580000)
  object space 804352K, 8% used [0x0000000080000000,0x0000000084537648,0x00000000b1180000)
 Metaspace       used 58145K, committed 59840K, reserved 1114112K
  class space    used 6084K, committed 6848K, reserved 1048576K
}
Event: 21444.949 GC heap before
{Heap before GC invocations=1287 (full 3):
 PSYoungGen      total 4096K, used 3888K [0x00000000d5580000, 0x00000000d5b80000, 0x0000000100000000)
  eden space 3584K, 100% used [0x00000000d5580000,0x00000000d5900000,0x00000000d5900000)
  from space 512K, 59% used [0x00000000d5a80000,0x00000000d5acc010,0x00000000d5b00000)
  to   space 512K, 0% used [0x00000000d5b00000,0x00000000d5b00000,0x00000000d5b80000)
 ParOldGen       total 804352K, used 70877K [0x0000000080000000, 0x00000000b1180000, 0x00000000d5580000)
  object space 804352K, 8% used [0x0000000080000000,0x0000000084537648,0x00000000b1180000)
 Metaspace       used 58175K, committed 59904K, reserved 1114112K
  class space    used 6084K, committed 6848K, reserved 1048576K
}
Event: 21444.954 GC heap after
{Heap after GC invocations=1287 (full 3):
 PSYoungGen      total 4096K, used 256K [0x00000000d5580000, 0x00000000d5b80000, 0x0000000100000000)
  eden space 3584K, 0% used [0x00000000d5580000,0x00000000d5580000,0x00000000d5900000)
  from space 512K, 50% used [0x00000000d5b00000,0x00000000d5b40000,0x00000000d5b80000)
  to   space 512K, 0% used [0x00000000d5a80000,0x00000000d5a80000,0x00000000d5b00000)
 ParOldGen       total 804352K, used 70949K [0x0000000080000000, 0x00000000b1180000, 0x00000000d5580000)
  object space 804352K, 8% used [0x0000000080000000,0x0000000084549648,0x00000000b1180000)
 Metaspace       used 58175K, committed 59904K, reserved 1114112K
  class space    used 6084K, committed 6848K, reserved 1048576K
}
Event: 21445.021 GC heap before
{Heap before GC invocations=1288 (full 3):
 PSYoungGen      total 4096K, used 3840K [0x00000000d5580000, 0x00000000d5b80000, 0x0000000100000000)
  eden space 3584K, 100% used [0x00000000d5580000,0x00000000d5900000,0x00000000d5900000)
  from space 512K, 50% used [0x00000000d5b00000,0x00000000d5b40000,0x00000000d5b80000)
  to   space 512K, 0% used [0x00000000d5a80000,0x00000000d5a80000,0x00000000d5b00000)
 ParOldGen       total 804352K, used 70949K [0x0000000080000000, 0x00000000b1180000, 0x00000000d5580000)
  object space 804352K, 8% used [0x0000000080000000,0x0000000084549648,0x00000000b1180000)
 Metaspace       used 58186K, committed 59904K, reserved 1114112K
  class space    used 6084K, committed 6848K, reserved 1048576K
}
Event: 21445.022 GC heap after
{Heap after GC invocations=1288 (full 3):
 PSYoungGen      total 4096K, used 256K [0x00000000d5580000, 0x00000000d5b80000, 0x0000000100000000)
  eden space 3584K, 0% used [0x00000000d5580000,0x00000000d5580000,0x00000000d5900000)
  from space 512K, 50% used [0x00000000d5a80000,0x00000000d5ac0000,0x00000000d5b00000)
  to   space 512K, 0% used [0x00000000d5b00000,0x00000000d5b00000,0x00000000d5b80000)
 ParOldGen       total 804352K, used 71037K [0x0000000080000000, 0x00000000b1180000, 0x00000000d5580000)
  object space 804352K, 8% used [0x0000000080000000,0x000000008455f648,0x00000000b1180000)
 Metaspace       used 58186K, committed 59904K, reserved 1114112K
  class space    used 6084K, committed 6848K, reserved 1048576K
}
Event: 21764.069 GC heap before
{Heap before GC invocations=1289 (full 3):
 PSYoungGen      total 4096K, used 3840K [0x00000000d5580000, 0x00000000d5b80000, 0x0000000100000000)
  eden space 3584K, 100% used [0x00000000d5580000,0x00000000d5900000,0x00000000d5900000)
  from space 512K, 50% used [0x00000000d5a80000,0x00000000d5ac0000,0x00000000d5b00000)
  to   space 512K, 0% used [0x00000000d5b00000,0x00000000d5b00000,0x00000000d5b80000)
 ParOldGen       total 804352K, used 71037K [0x0000000080000000, 0x00000000b1180000, 0x00000000d5580000)
  object space 804352K, 8% used [0x0000000080000000,0x000000008455f648,0x00000000b1180000)
 Metaspace       used 58224K, committed 59904K, reserved 1114112K
  class space    used 6084K, committed 6848K, reserved 1048576K
}
Event: 21764.070 GC heap after
{Heap after GC invocations=1289 (full 3):
 PSYoungGen      total 4096K, used 288K [0x00000000d5580000, 0x00000000d5b80000, 0x0000000100000000)
  eden space 3584K, 0% used [0x00000000d5580000,0x00000000d5580000,0x00000000d5900000)
  from space 512K, 56% used [0x00000000d5b00000,0x00000000d5b48000,0x00000000d5b80000)
  to   space 512K, 0% used [0x00000000d5a80000,0x00000000d5a80000,0x00000000d5b00000)
 ParOldGen       total 804352K, used 71077K [0x0000000080000000, 0x00000000b1180000, 0x00000000d5580000)
  object space 804352K, 8% used [0x0000000080000000,0x0000000084569648,0x00000000b1180000)
 Metaspace       used 58224K, committed 59904K, reserved 1114112K
  class space    used 6084K, committed 6848K, reserved 1048576K
}
Event: 21780.339 GC heap before
{Heap before GC invocations=1290 (full 3):
 PSYoungGen      total 4096K, used 3872K [0x00000000d5580000, 0x00000000d5b80000, 0x0000000100000000)
  eden space 3584K, 100% used [0x00000000d5580000,0x00000000d5900000,0x00000000d5900000)
  from space 512K, 56% used [0x00000000d5b00000,0x00000000d5b48000,0x00000000d5b80000)
  to   space 512K, 0% used [0x00000000d5a80000,0x00000000d5a80000,0x00000000d5b00000)
 ParOldGen       total 804352K, used 71077K [0x0000000080000000, 0x00000000b1180000, 0x00000000d5580000)
  object space 804352K, 8% used [0x0000000080000000,0x0000000084569648,0x00000000b1180000)
 Metaspace       used 58241K, committed 59904K, reserved 1114112K
  class space    used 6084K, committed 6848K, reserved 1048576K
}
Event: 21780.341 GC heap after
{Heap after GC invocations=1290 (full 3):
 PSYoungGen      total 4096K, used 256K [0x00000000d5580000, 0x00000000d5b80000, 0x0000000100000000)
  eden space 3584K, 0% used [0x00000000d5580000,0x00000000d5580000,0x00000000d5900000)
  from space 512K, 50% used [0x00000000d5a80000,0x00000000d5ac0000,0x00000000d5b00000)
  to   space 512K, 0% used [0x00000000d5b00000,0x00000000d5b00000,0x00000000d5b80000)
 ParOldGen       total 804352K, used 71165K [0x0000000080000000, 0x00000000b1180000, 0x00000000d5580000)
  object space 804352K, 8% used [0x0000000080000000,0x000000008457f648,0x00000000b1180000)
 Metaspace       used 58241K, committed 59904K, reserved 1114112K
  class space    used 6084K, committed 6848K, reserved 1048576K
}
Event: 21780.411 GC heap before
{Heap before GC invocations=1291 (full 3):
 PSYoungGen      total 4096K, used 3840K [0x00000000d5580000, 0x00000000d5b80000, 0x0000000100000000)
  eden space 3584K, 100% used [0x00000000d5580000,0x00000000d5900000,0x00000000d5900000)
  from space 512K, 50% used [0x00000000d5a80000,0x00000000d5ac0000,0x00000000d5b00000)
  to   space 512K, 0% used [0x00000000d5b00000,0x00000000d5b00000,0x00000000d5b80000)
 ParOldGen       total 804352K, used 71165K [0x0000000080000000, 0x00000000b1180000, 0x00000000d5580000)
  object space 804352K, 8% used [0x0000000080000000,0x000000008457f648,0x00000000b1180000)
 Metaspace       used 58246K, committed 59904K, reserved 1114112K
  class space    used 6084K, committed 6848K, reserved 1048576K
}
Event: 21780.412 GC heap after
{Heap after GC invocations=1291 (full 3):
 PSYoungGen      total 4096K, used 320K [0x00000000d5580000, 0x00000000d5b80000, 0x0000000100000000)
  eden space 3584K, 0% used [0x00000000d5580000,0x00000000d5580000,0x00000000d5900000)
  from space 512K, 62% used [0x00000000d5b00000,0x00000000d5b50020,0x00000000d5b80000)
  to   space 512K, 0% used [0x00000000d5a80000,0x00000000d5a80000,0x00000000d5b00000)
 ParOldGen       total 804352K, used 71245K [0x0000000080000000, 0x00000000b1180000, 0x00000000d5580000)
  object space 804352K, 8% used [0x0000000080000000,0x0000000084593648,0x00000000b1180000)
 Metaspace       used 58246K, committed 59904K, reserved 1114112K
  class space    used 6084K, committed 6848K, reserved 1048576K
}
Event: 22077.402 GC heap before
{Heap before GC invocations=1292 (full 3):
 PSYoungGen      total 4096K, used 3904K [0x00000000d5580000, 0x00000000d5b80000, 0x0000000100000000)
  eden space 3584K, 100% used [0x00000000d5580000,0x00000000d5900000,0x00000000d5900000)
  from space 512K, 62% used [0x00000000d5b00000,0x00000000d5b50020,0x00000000d5b80000)
  to   space 512K, 0% used [0x00000000d5a80000,0x00000000d5a80000,0x00000000d5b00000)
 ParOldGen       total 804352K, used 71245K [0x0000000080000000, 0x00000000b1180000, 0x00000000d5580000)
  object space 804352K, 8% used [0x0000000080000000,0x0000000084593648,0x00000000b1180000)
 Metaspace       used 58288K, committed 59904K, reserved 1114112K
  class space    used 6084K, committed 6848K, reserved 1048576K
}
Event: 22077.403 GC heap after
{Heap after GC invocations=1292 (full 3):
 PSYoungGen      total 4096K, used 384K [0x00000000d5580000, 0x00000000d5b80000, 0x0000000100000000)
  eden space 3584K, 0% used [0x00000000d5580000,0x00000000d5580000,0x00000000d5900000)
  from space 512K, 75% used [0x00000000d5a80000,0x00000000d5ae0000,0x00000000d5b00000)
  to   space 512K, 0% used [0x00000000d5b00000,0x00000000d5b00000,0x00000000d5b80000)
 ParOldGen       total 804352K, used 71381K [0x0000000080000000, 0x00000000b1180000, 0x00000000d5580000)
  object space 804352K, 8% used [0x0000000080000000,0x00000000845b5678,0x00000000b1180000)
 Metaspace       used 58288K, committed 59904K, reserved 1114112K
  class space    used 6084K, committed 6848K, reserved 1048576K
}
Event: 23142.363 GC heap before
{Heap before GC invocations=1293 (full 3):
 PSYoungGen      total 4096K, used 3968K [0x00000000d5580000, 0x00000000d5b80000, 0x0000000100000000)
  eden space 3584K, 100% used [0x00000000d5580000,0x00000000d5900000,0x00000000d5900000)
  from space 512K, 75% used [0x00000000d5a80000,0x00000000d5ae0000,0x00000000d5b00000)
  to   space 512K, 0% used [0x00000000d5b00000,0x00000000d5b00000,0x00000000d5b80000)
 ParOldGen       total 804352K, used 71381K [0x0000000080000000, 0x00000000b1180000, 0x00000000d5580000)
  object space 804352K, 8% used [0x0000000080000000,0x00000000845b5678,0x00000000b1180000)
 Metaspace       used 58327K, committed 60032K, reserved 1114112K
  class space    used 6085K, committed 6848K, reserved 1048576K
}
Event: 23142.366 GC heap after
{Heap after GC invocations=1293 (full 3):
 PSYoungGen      total 4096K, used 288K [0x00000000d5580000, 0x00000000d5b80000, 0x0000000100000000)
  eden space 3584K, 0% used [0x00000000d5580000,0x00000000d5580000,0x00000000d5900000)
  from space 512K, 56% used [0x00000000d5b00000,0x00000000d5b48020,0x00000000d5b80000)
  to   space 512K, 0% used [0x00000000d5a80000,0x00000000d5a80000,0x00000000d5b00000)
 ParOldGen       total 804352K, used 71437K [0x0000000080000000, 0x00000000b1180000, 0x00000000d5580000)
  object space 804352K, 8% used [0x0000000080000000,0x00000000845c3678,0x00000000b1180000)
 Metaspace       used 58327K, committed 60032K, reserved 1114112K
  class space    used 6085K, committed 6848K, reserved 1048576K
}

