# JRE version: OpenJDK Runtime Environment Temurin-21.0.8+9 (21.0.8+9) (build 21.0.8+9-LTS)
# Java VM: OpenJDK 64-Bit Server VM Temurin-21.0.8+9 (21.0.8+9-LTS, mixed mode, sharing, tiered, compressed oops, compressed class ptrs, parallel gc, windows-amd64)
GC Precious Log:
 CardTable entry size: 512
 CPUs: 8 total, 8 available
 Memory: 16257M
 Large Page Support: Disabled
 NUMA Support: Disabled
 Compressed Oops: Enabled (32-bit)
 Alignments: Space 512K, Generation 512K, Heap 2M
 Heap Min Capacity: 100M
 Heap Initial Capacity: 100M
 Heap Max Capacity: 2G
 Pre-touch: Disabled
 Parallel Workers: 8
Heap:
 PSYoungGen      total 11264K, used 2557K [0x00000000d5580000, 0x00000000d6380000, 0x0000000100000000)
  eden space 8704K, 0% used [0x00000000d5580000,0x00000000d5580000,0x00000000d5e00000)
  from space 2560K, 99% used [0x00000000d5e80000,0x00000000d60ff6b0,0x00000000d6100000)
  to   space 2560K, 0% used [0x00000000d6100000,0x00000000d6100000,0x00000000d6380000)
 ParOldGen       total 789504K, used 789301K [0x0000000080000000, 0x00000000b0300000, 0x00000000d5580000)
  object space 789504K, 99% used [0x0000000080000000,0x00000000b02cd6d8,0x00000000b0300000)
 Metaspace       used 56932K, committed 58304K, reserved 1114112K
  class space    used 6058K, committed 6656K, reserved 1048576K
GC Heap History (20 events):
Event: 66.214 GC heap after
{Heap after GC invocations=1162 (full 2):
 PSYoungGen      total 4096K, used 1223K [0x00000000d5580000, 0x00000000d5b80000, 0x0000000100000000)
  eden space 2560K, 0% used [0x00000000d5580000,0x00000000d5580000,0x00000000d5800000)
  from space 1536K, 79% used [0x00000000d5980000,0x00000000d5ab1d00,0x00000000d5b00000)
  to   space 1536K, 0% used [0x00000000d5800000,0x00000000d5800000,0x00000000d5980000)
 ParOldGen       total 759296K, used 759097K [0x0000000080000000, 0x00000000ae580000, 0x00000000d5580000)
  object space 759296K, 99% used [0x0000000080000000,0x00000000ae54e578,0x00000000ae580000)
 Metaspace       used 56826K, committed 58240K, reserved 1114112K
  class space    used 6042K, committed 6656K, reserved 1048576K
}
Event: 66.256 GC heap before
{Heap before GC invocations=1163 (full 2):
 PSYoungGen      total 4096K, used 3783K [0x00000000d5580000, 0x00000000d5b80000, 0x0000000100000000)
  eden space 2560K, 100% used [0x00000000d5580000,0x00000000d5800000,0x00000000d5800000)
  from space 1536K, 79% used [0x00000000d5980000,0x00000000d5ab1d00,0x00000000d5b00000)
  to   space 1536K, 0% used [0x00000000d5800000,0x00000000d5800000,0x00000000d5980000)
 ParOldGen       total 759296K, used 759097K [0x0000000080000000, 0x00000000ae580000, 0x00000000d5580000)
  object space 759296K, 99% used [0x0000000080000000,0x00000000ae54e578,0x00000000ae580000)
 Metaspace       used 56828K, committed 58240K, reserved 1114112K
  class space    used 6042K, committed 6656K, reserved 1048576K
}
Event: 67.265 GC heap after
{Heap after GC invocations=1163 (full 2):
 PSYoungGen      total 4096K, used 1515K [0x00000000d5580000, 0x00000000d6180000, 0x0000000100000000)
  eden space 2560K, 0% used [0x00000000d5580000,0x00000000d5580000,0x00000000d5800000)
  from space 1536K, 98% used [0x00000000d5800000,0x00000000d597ace8,0x00000000d5980000)
  to   space 4608K, 0% used [0x00000000d5d00000,0x00000000d5d00000,0x00000000d6180000)
 ParOldGen       total 761344K, used 761296K [0x0000000080000000, 0x00000000ae780000, 0x00000000d5580000)
  object space 761344K, 99% used [0x0000000080000000,0x00000000ae774278,0x00000000ae780000)
 Metaspace       used 56828K, committed 58240K, reserved 1114112K
  class space    used 6042K, committed 6656K, reserved 1048576K
}
Event: 67.293 GC heap before
{Heap before GC invocations=1164 (full 2):
 PSYoungGen      total 4096K, used 4075K [0x00000000d5580000, 0x00000000d6180000, 0x0000000100000000)
  eden space 2560K, 100% used [0x00000000d5580000,0x00000000d5800000,0x00000000d5800000)
  from space 1536K, 98% used [0x00000000d5800000,0x00000000d597ace8,0x00000000d5980000)
  to   space 4608K, 0% used [0x00000000d5d00000,0x00000000d5d00000,0x00000000d6180000)
 ParOldGen       total 761344K, used 761296K [0x0000000080000000, 0x00000000ae780000, 0x00000000d5580000)
  object space 761344K, 99% used [0x0000000080000000,0x00000000ae774278,0x00000000ae780000)
 Metaspace       used 56828K, committed 58240K, reserved 1114112K
  class space    used 6042K, committed 6656K, reserved 1048576K
}
Event: 67.303 GC heap after
{Heap after GC invocations=1164 (full 2):
 PSYoungGen      total 6144K, used 2656K [0x00000000d5580000, 0x00000000d6000000, 0x0000000100000000)
  eden space 3072K, 0% used [0x00000000d5580000,0x00000000d5580000,0x00000000d5880000)
  from space 3072K, 86% used [0x00000000d5d00000,0x00000000d5f98000,0x00000000d6000000)
  to   space 3072K, 0% used [0x00000000d5a00000,0x00000000d5a00000,0x00000000d5d00000)
 ParOldGen       total 762880K, used 762851K [0x0000000080000000, 0x00000000ae900000, 0x00000000d5580000)
  object space 762880K, 99% used [0x0000000080000000,0x00000000ae8f8f60,0x00000000ae900000)
 Metaspace       used 56828K, committed 58240K, reserved 1114112K
  class space    used 6042K, committed 6656K, reserved 1048576K
}
Event: 67.327 GC heap before
{Heap before GC invocations=1165 (full 2):
 PSYoungGen      total 6144K, used 5705K [0x00000000d5580000, 0x00000000d6000000, 0x0000000100000000)
  eden space 3072K, 99% used [0x00000000d5580000,0x00000000d587a540,0x00000000d5880000)
  from space 3072K, 86% used [0x00000000d5d00000,0x00000000d5f98000,0x00000000d6000000)
  to   space 3072K, 0% used [0x00000000d5a00000,0x00000000d5a00000,0x00000000d5d00000)
 ParOldGen       total 762880K, used 762851K [0x0000000080000000, 0x00000000ae900000, 0x00000000d5580000)
  object space 762880K, 99% used [0x0000000080000000,0x00000000ae8f8f60,0x00000000ae900000)
 Metaspace       used 56837K, committed 58240K, reserved 1114112K
  class space    used 6042K, committed 6656K, reserved 1048576K
}
Event: 67.340 GC heap after
{Heap after GC invocations=1165 (full 2):
 PSYoungGen      total 7168K, used 3063K [0x00000000d5580000, 0x00000000d6680000, 0x0000000100000000)
  eden space 4096K, 0% used [0x00000000d5580000,0x00000000d5580000,0x00000000d5980000)
  from space 3072K, 99% used [0x00000000d5a00000,0x00000000d5cfdf58,0x00000000d5d00000)
  to   space 6656K, 0% used [0x00000000d6000000,0x00000000d6000000,0x00000000d6680000)
 ParOldGen       total 765952K, used 765467K [0x0000000080000000, 0x00000000aec00000, 0x00000000d5580000)
  object space 765952K, 99% used [0x0000000080000000,0x00000000aeb86f60,0x00000000aec00000)
 Metaspace       used 56837K, committed 58240K, reserved 1114112K
  class space    used 6042K, committed 6656K, reserved 1048576K
}
Event: 67.380 GC heap before
{Heap before GC invocations=1166 (full 2):
 PSYoungGen      total 7168K, used 7159K [0x00000000d5580000, 0x00000000d6680000, 0x0000000100000000)
  eden space 4096K, 100% used [0x00000000d5580000,0x00000000d5980000,0x00000000d5980000)
  from space 3072K, 99% used [0x00000000d5a00000,0x00000000d5cfdf58,0x00000000d5d00000)
  to   space 6656K, 0% used [0x00000000d6000000,0x00000000d6000000,0x00000000d6680000)
 ParOldGen       total 765952K, used 765467K [0x0000000080000000, 0x00000000aec00000, 0x00000000d5580000)
  object space 765952K, 99% used [0x0000000080000000,0x00000000aeb86f60,0x00000000aec00000)
 Metaspace       used 56851K, committed 58240K, reserved 1114112K
  class space    used 6042K, committed 6656K, reserved 1048576K
}
Event: 67.389 GC heap after
{Heap after GC invocations=1166 (full 2):
 PSYoungGen      total 9216K, used 3947K [0x00000000d5580000, 0x00000000d6400000, 0x0000000100000000)
  eden space 5120K, 0% used [0x00000000d5580000,0x00000000d5580000,0x00000000d5a80000)
  from space 4096K, 96% used [0x00000000d6000000,0x00000000d63daea8,0x00000000d6400000)
  to   space 4608K, 0% used [0x00000000d5b00000,0x00000000d5b00000,0x00000000d5f80000)
 ParOldGen       total 766464K, used 766382K [0x0000000080000000, 0x00000000aec80000, 0x00000000d5580000)
  object space 766464K, 99% used [0x0000000080000000,0x00000000aec6ba28,0x00000000aec80000)
 Metaspace       used 56851K, committed 58240K, reserved 1114112K
  class space    used 6042K, committed 6656K, reserved 1048576K
}
Event: 67.467 GC heap before
{Heap before GC invocations=1167 (full 2):
 PSYoungGen      total 9216K, used 8727K [0x00000000d5580000, 0x00000000d6400000, 0x0000000100000000)
  eden space 5120K, 93% used [0x00000000d5580000,0x00000000d5a2aed0,0x00000000d5a80000)
  from space 4096K, 96% used [0x00000000d6000000,0x00000000d63daea8,0x00000000d6400000)
  to   space 4608K, 0% used [0x00000000d5b00000,0x00000000d5b00000,0x00000000d5f80000)
 ParOldGen       total 766464K, used 766382K [0x0000000080000000, 0x00000000aec80000, 0x00000000d5580000)
  object space 766464K, 99% used [0x0000000080000000,0x00000000aec6ba28,0x00000000aec80000)
 Metaspace       used 56859K, committed 58240K, reserved 1114112K
  class space    used 6043K, committed 6656K, reserved 1048576K
}
Event: 67.479 GC heap after
{Heap after GC invocations=1167 (full 2):
 PSYoungGen      total 8192K, used 2113K [0x00000000d5580000, 0x00000000d6180000, 0x0000000100000000)
  eden space 5632K, 0% used [0x00000000d5580000,0x00000000d5580000,0x00000000d5b00000)
  from space 2560K, 82% used [0x00000000d5b00000,0x00000000d5d10588,0x00000000d5d80000)
  to   space 3072K, 0% used [0x00000000d5e80000,0x00000000d5e80000,0x00000000d6180000)
 ParOldGen       total 770048K, used 769933K [0x0000000080000000, 0x00000000af000000, 0x00000000d5580000)
  object space 770048K, 99% used [0x0000000080000000,0x00000000aefe34b8,0x00000000af000000)
 Metaspace       used 56859K, committed 58240K, reserved 1114112K
  class space    used 6043K, committed 6656K, reserved 1048576K
}
Event: 67.642 GC heap before
{Heap before GC invocations=1168 (full 2):
 PSYoungGen      total 8192K, used 7745K [0x00000000d5580000, 0x00000000d6180000, 0x0000000100000000)
  eden space 5632K, 100% used [0x00000000d5580000,0x00000000d5b00000,0x00000000d5b00000)
  from space 2560K, 82% used [0x00000000d5b00000,0x00000000d5d10588,0x00000000d5d80000)
  to   space 3072K, 0% used [0x00000000d5e80000,0x00000000d5e80000,0x00000000d6180000)
 ParOldGen       total 770048K, used 769933K [0x0000000080000000, 0x00000000af000000, 0x00000000d5580000)
  object space 770048K, 99% used [0x0000000080000000,0x00000000aefe34b8,0x00000000af000000)
 Metaspace       used 56864K, committed 58240K, reserved 1114112K
  class space    used 6043K, committed 6656K, reserved 1048576K
}
Event: 67.650 GC heap after
{Heap after GC invocations=1168 (full 2):
 PSYoungGen      total 9728K, used 2468K [0x00000000d5580000, 0x00000000d6180000, 0x0000000100000000)
  eden space 6656K, 0% used [0x00000000d5580000,0x00000000d5580000,0x00000000d5c00000)
  from space 3072K, 80% used [0x00000000d5e80000,0x00000000d60e9018,0x00000000d6180000)
  to   space 2560K, 0% used [0x00000000d5c00000,0x00000000d5c00000,0x00000000d5e80000)
 ParOldGen       total 772096K, used 771688K [0x0000000080000000, 0x00000000af200000, 0x00000000d5580000)
  object space 772096K, 99% used [0x0000000080000000,0x00000000af19a328,0x00000000af200000)
 Metaspace       used 56864K, committed 58240K, reserved 1114112K
  class space    used 6043K, committed 6656K, reserved 1048576K
}
Event: 70.776 GC heap before
{Heap before GC invocations=1169 (full 2):
 PSYoungGen      total 9728K, used 9124K [0x00000000d5580000, 0x00000000d6180000, 0x0000000100000000)
  eden space 6656K, 100% used [0x00000000d5580000,0x00000000d5c00000,0x00000000d5c00000)
  from space 3072K, 80% used [0x00000000d5e80000,0x00000000d60e9018,0x00000000d6180000)
  to   space 2560K, 0% used [0x00000000d5c00000,0x00000000d5c00000,0x00000000d5e80000)
 ParOldGen       total 772096K, used 771688K [0x0000000080000000, 0x00000000af200000, 0x00000000d5580000)
  object space 772096K, 99% used [0x0000000080000000,0x00000000af19a328,0x00000000af200000)
 Metaspace       used 56865K, committed 58240K, reserved 1114112K
  class space    used 6043K, committed 6656K, reserved 1048576K
}
Event: 70.788 GC heap after
{Heap after GC invocations=1169 (full 2):
 PSYoungGen      total 9216K, used 2558K [0x00000000d5580000, 0x00000000d6900000, 0x0000000100000000)
  eden space 6656K, 0% used [0x00000000d5580000,0x00000000d5580000,0x00000000d5c00000)
  from space 2560K, 99% used [0x00000000d5c00000,0x00000000d5e7f830,0x00000000d5e80000)
  to   space 6656K, 0% used [0x00000000d6280000,0x00000000d6280000,0x00000000d6900000)
 ParOldGen       total 775168K, used 774823K [0x0000000080000000, 0x00000000af500000, 0x00000000d5580000)
  object space 775168K, 99% used [0x0000000080000000,0x00000000af4a9ec8,0x00000000af500000)
 Metaspace       used 56865K, committed 58240K, reserved 1114112K
  class space    used 6043K, committed 6656K, reserved 1048576K
}
Event: 70.904 GC heap before
{Heap before GC invocations=1170 (full 2):
 PSYoungGen      total 9216K, used 9214K [0x00000000d5580000, 0x00000000d6900000, 0x0000000100000000)
  eden space 6656K, 100% used [0x00000000d5580000,0x00000000d5c00000,0x00000000d5c00000)
  from space 2560K, 99% used [0x00000000d5c00000,0x00000000d5e7f830,0x00000000d5e80000)
  to   space 6656K, 0% used [0x00000000d6280000,0x00000000d6280000,0x00000000d6900000)
 ParOldGen       total 775168K, used 774823K [0x0000000080000000, 0x00000000af500000, 0x00000000d5580000)
  object space 775168K, 99% used [0x0000000080000000,0x00000000af4a9ec8,0x00000000af500000)
 Metaspace       used 56865K, committed 58240K, reserved 1114112K
  class space    used 6043K, committed 6656K, reserved 1048576K
}
Event: 70.910 GC heap after
{Heap after GC invocations=1170 (full 2):
 PSYoungGen      total 9728K, used 2957K [0x00000000d5580000, 0x00000000d6580000, 0x0000000100000000)
  eden space 6656K, 0% used [0x00000000d5580000,0x00000000d5580000,0x00000000d5c00000)
  from space 3072K, 96% used [0x00000000d6280000,0x00000000d6563520,0x00000000d6580000)
  to   space 4096K, 0% used [0x00000000d5d80000,0x00000000d5d80000,0x00000000d6180000)
 ParOldGen       total 776192K, used 776187K [0x0000000080000000, 0x00000000af600000, 0x00000000d5580000)
  object space 776192K, 99% used [0x0000000080000000,0x00000000af5fef08,0x00000000af600000)
 Metaspace       used 56865K, committed 58240K, reserved 1114112K
  class space    used 6043K, committed 6656K, reserved 1048576K
}
Event: 70.985 GC heap before
{Heap before GC invocations=1171 (full 2):
 PSYoungGen      total 9728K, used 9613K [0x00000000d5580000, 0x00000000d6580000, 0x0000000100000000)
  eden space 6656K, 100% used [0x00000000d5580000,0x00000000d5c00000,0x00000000d5c00000)
  from space 3072K, 96% used [0x00000000d6280000,0x00000000d6563520,0x00000000d6580000)
  to   space 4096K, 0% used [0x00000000d5d80000,0x00000000d5d80000,0x00000000d6180000)
 ParOldGen       total 776192K, used 776187K [0x0000000080000000, 0x00000000af600000, 0x00000000d5580000)
  object space 776192K, 99% used [0x0000000080000000,0x00000000af5fef08,0x00000000af600000)
 Metaspace       used 56865K, committed 58240K, reserved 1114112K
  class space    used 6043K, committed 6656K, reserved 1048576K
}
Event: 70.991 GC heap after
{Heap after GC invocations=1171 (full 2):
 PSYoungGen      total 9216K, used 2322K [0x00000000d5580000, 0x00000000d6300000, 0x0000000100000000)
  eden space 6656K, 0% used [0x00000000d5580000,0x00000000d5580000,0x00000000d5c00000)
  from space 2560K, 90% used [0x00000000d5d80000,0x00000000d5fc4808,0x00000000d6000000)
  to   space 3072K, 0% used [0x00000000d6000000,0x00000000d6000000,0x00000000d6300000)
 ParOldGen       total 779264K, used 778834K [0x0000000080000000, 0x00000000af900000, 0x00000000d5580000)
  object space 779264K, 99% used [0x0000000080000000,0x00000000af894828,0x00000000af900000)
 Metaspace       used 56865K, committed 58240K, reserved 1114112K
  class space    used 6043K, committed 6656K, reserved 1048576K
}
Event: 71.053 GC heap before
{Heap before GC invocations=1172 (full 2):
 PSYoungGen      total 9216K, used 8978K [0x00000000d5580000, 0x00000000d6300000, 0x0000000100000000)
  eden space 6656K, 100% used [0x00000000d5580000,0x00000000d5c00000,0x00000000d5c00000)
  from space 2560K, 90% used [0x00000000d5d80000,0x00000000d5fc4808,0x00000000d6000000)
  to   space 3072K, 0% used [0x00000000d6000000,0x00000000d6000000,0x00000000d6300000)
 ParOldGen       total 779264K, used 778834K [0x0000000080000000, 0x00000000af900000, 0x00000000d5580000)
  object space 779264K, 99% used [0x0000000080000000,0x00000000af894828,0x00000000af900000)
 Metaspace       used 56865K, committed 58240K, reserved 1114112K
  class space    used 6043K, committed 6656K, reserved 1048576K
}

