# JRE version: OpenJDK Runtime Environment Temurin-21.0.8+9 (21.0.8+9) (build 21.0.8+9-LTS)
# Java VM: OpenJDK 64-Bit Server VM Temurin-21.0.8+9 (21.0.8+9-LTS, mixed mode, sharing, tiered, compressed oops, compressed class ptrs, parallel gc, windows-amd64)
GC Precious Log:
 CardTable entry size: 512
 CPUs: 8 total, 8 available
 Memory: 16257M
 Large Page Support: Disabled
 NUMA Support: Disabled
 Compressed Oops: Enabled (32-bit)
 Alignments: Space 512K, Generation 512K, Heap 2M
 Heap Min Capacity: 100M
 Heap Initial Capacity: 100M
 Heap Max Capacity: 2G
 Pre-touch: Disabled
 Parallel Workers: 8
Heap:
 PSYoungGen      total 4096K, used 3130K [0x00000000d5580000, 0x00000000d5c00000, 0x0000000100000000)
  eden space 3584K, 75% used [0x00000000d5580000,0x00000000d5826a18,0x00000000d5900000)
  from space 512K, 81% used [0x00000000d5b00000,0x00000000d5b68020,0x00000000d5b80000)
  to   space 512K, 0% used [0x00000000d5b80000,0x00000000d5b80000,0x00000000d5c00000)
 ParOldGen       total 802304K, used 203819K [0x0000000080000000, 0x00000000b0f80000, 0x00000000d5580000)
  object space 802304K, 25% used [0x0000000080000000,0x000000008c70add8,0x00000000b0f80000)
 Metaspace       used 59092K, committed 60544K, reserved 1114112K
  class space    used 6253K, committed 6912K, reserved 1048576K
GC Heap History (20 events):
Event: 1201.137 GC heap before
{Heap before GC invocations=1275 (full 3):
 PSYoungGen      total 4096K, used 3744K [0x00000000d5580000, 0x00000000d5c00000, 0x0000000100000000)
  eden space 3584K, 100% used [0x00000000d5580000,0x00000000d5900000,0x00000000d5900000)
  from space 512K, 31% used [0x00000000d5b00000,0x00000000d5b28000,0x00000000d5b80000)
  to   space 512K, 0% used [0x00000000d5b80000,0x00000000d5b80000,0x00000000d5c00000)
 ParOldGen       total 802304K, used 203707K [0x0000000080000000, 0x00000000b0f80000, 0x00000000d5580000)
  object space 802304K, 25% used [0x0000000080000000,0x000000008c6eedd8,0x00000000b0f80000)
 Metaspace       used 59025K, committed 60480K, reserved 1114112K
  class space    used 6250K, committed 6912K, reserved 1048576K
}
Event: 1201.138 GC heap after
{Heap after GC invocations=1275 (full 3):
 PSYoungGen      total 4096K, used 224K [0x00000000d5580000, 0x00000000d5c00000, 0x0000000100000000)
  eden space 3584K, 0% used [0x00000000d5580000,0x00000000d5580000,0x00000000d5900000)
  from space 512K, 43% used [0x00000000d5b80000,0x00000000d5bb8000,0x00000000d5c00000)
  to   space 512K, 0% used [0x00000000d5b00000,0x00000000d5b00000,0x00000000d5b80000)
 ParOldGen       total 802304K, used 203707K [0x0000000080000000, 0x00000000b0f80000, 0x00000000d5580000)
  object space 802304K, 25% used [0x0000000080000000,0x000000008c6eedd8,0x00000000b0f80000)
 Metaspace       used 59025K, committed 60480K, reserved 1114112K
  class space    used 6250K, committed 6912K, reserved 1048576K
}
Event: 1308.506 GC heap before
{Heap before GC invocations=1276 (full 3):
 PSYoungGen      total 4096K, used 3808K [0x00000000d5580000, 0x00000000d5c00000, 0x0000000100000000)
  eden space 3584K, 100% used [0x00000000d5580000,0x00000000d5900000,0x00000000d5900000)
  from space 512K, 43% used [0x00000000d5b80000,0x00000000d5bb8000,0x00000000d5c00000)
  to   space 512K, 0% used [0x00000000d5b00000,0x00000000d5b00000,0x00000000d5b80000)
 ParOldGen       total 802304K, used 203707K [0x0000000080000000, 0x00000000b0f80000, 0x00000000d5580000)
  object space 802304K, 25% used [0x0000000080000000,0x000000008c6eedd8,0x00000000b0f80000)
 Metaspace       used 59035K, committed 60544K, reserved 1114112K
  class space    used 6250K, committed 6912K, reserved 1048576K
}
Event: 1308.507 GC heap after
{Heap after GC invocations=1276 (full 3):
 PSYoungGen      total 4096K, used 224K [0x00000000d5580000, 0x00000000d5c00000, 0x0000000100000000)
  eden space 3584K, 0% used [0x00000000d5580000,0x00000000d5580000,0x00000000d5900000)
  from space 512K, 43% used [0x00000000d5b00000,0x00000000d5b38000,0x00000000d5b80000)
  to   space 512K, 0% used [0x00000000d5b80000,0x00000000d5b80000,0x00000000d5c00000)
 ParOldGen       total 802304K, used 203715K [0x0000000080000000, 0x00000000b0f80000, 0x00000000d5580000)
  object space 802304K, 25% used [0x0000000080000000,0x000000008c6f0dd8,0x00000000b0f80000)
 Metaspace       used 59035K, committed 60544K, reserved 1114112K
  class space    used 6250K, committed 6912K, reserved 1048576K
}
Event: 1371.571 GC heap before
{Heap before GC invocations=1277 (full 3):
 PSYoungGen      total 4096K, used 3808K [0x00000000d5580000, 0x00000000d5c00000, 0x0000000100000000)
  eden space 3584K, 100% used [0x00000000d5580000,0x00000000d5900000,0x00000000d5900000)
  from space 512K, 43% used [0x00000000d5b00000,0x00000000d5b38000,0x00000000d5b80000)
  to   space 512K, 0% used [0x00000000d5b80000,0x00000000d5b80000,0x00000000d5c00000)
 ParOldGen       total 802304K, used 203715K [0x0000000080000000, 0x00000000b0f80000, 0x00000000d5580000)
  object space 802304K, 25% used [0x0000000080000000,0x000000008c6f0dd8,0x00000000b0f80000)
 Metaspace       used 59044K, committed 60544K, reserved 1114112K
  class space    used 6250K, committed 6912K, reserved 1048576K
}
Event: 1371.573 GC heap after
{Heap after GC invocations=1277 (full 3):
 PSYoungGen      total 4096K, used 224K [0x00000000d5580000, 0x00000000d5c00000, 0x0000000100000000)
  eden space 3584K, 0% used [0x00000000d5580000,0x00000000d5580000,0x00000000d5900000)
  from space 512K, 43% used [0x00000000d5b80000,0x00000000d5bb8000,0x00000000d5c00000)
  to   space 512K, 0% used [0x00000000d5b00000,0x00000000d5b00000,0x00000000d5b80000)
 ParOldGen       total 802304K, used 203739K [0x0000000080000000, 0x00000000b0f80000, 0x00000000d5580000)
  object space 802304K, 25% used [0x0000000080000000,0x000000008c6f6dd8,0x00000000b0f80000)
 Metaspace       used 59044K, committed 60544K, reserved 1114112K
  class space    used 6250K, committed 6912K, reserved 1048576K
}
Event: 1475.832 GC heap before
{Heap before GC invocations=1278 (full 3):
 PSYoungGen      total 4096K, used 3807K [0x00000000d5580000, 0x00000000d5c00000, 0x0000000100000000)
  eden space 3584K, 99% used [0x00000000d5580000,0x00000000d58ffcc0,0x00000000d5900000)
  from space 512K, 43% used [0x00000000d5b80000,0x00000000d5bb8000,0x00000000d5c00000)
  to   space 512K, 0% used [0x00000000d5b00000,0x00000000d5b00000,0x00000000d5b80000)
 ParOldGen       total 802304K, used 203739K [0x0000000080000000, 0x00000000b0f80000, 0x00000000d5580000)
  object space 802304K, 25% used [0x0000000080000000,0x000000008c6f6dd8,0x00000000b0f80000)
 Metaspace       used 59047K, committed 60544K, reserved 1114112K
  class space    used 6250K, committed 6912K, reserved 1048576K
}
Event: 1475.835 GC heap after
{Heap after GC invocations=1278 (full 3):
 PSYoungGen      total 4096K, used 192K [0x00000000d5580000, 0x00000000d5c00000, 0x0000000100000000)
  eden space 3584K, 0% used [0x00000000d5580000,0x00000000d5580000,0x00000000d5900000)
  from space 512K, 37% used [0x00000000d5b00000,0x00000000d5b30000,0x00000000d5b80000)
  to   space 512K, 0% used [0x00000000d5b80000,0x00000000d5b80000,0x00000000d5c00000)
 ParOldGen       total 802304K, used 203755K [0x0000000080000000, 0x00000000b0f80000, 0x00000000d5580000)
  object space 802304K, 25% used [0x0000000080000000,0x000000008c6fadd8,0x00000000b0f80000)
 Metaspace       used 59047K, committed 60544K, reserved 1114112K
  class space    used 6250K, committed 6912K, reserved 1048576K
}
Event: 1605.758 GC heap before
{Heap before GC invocations=1279 (full 3):
 PSYoungGen      total 4096K, used 3776K [0x00000000d5580000, 0x00000000d5c00000, 0x0000000100000000)
  eden space 3584K, 100% used [0x00000000d5580000,0x00000000d5900000,0x00000000d5900000)
  from space 512K, 37% used [0x00000000d5b00000,0x00000000d5b30000,0x00000000d5b80000)
  to   space 512K, 0% used [0x00000000d5b80000,0x00000000d5b80000,0x00000000d5c00000)
 ParOldGen       total 802304K, used 203755K [0x0000000080000000, 0x00000000b0f80000, 0x00000000d5580000)
  object space 802304K, 25% used [0x0000000080000000,0x000000008c6fadd8,0x00000000b0f80000)
 Metaspace       used 59048K, committed 60544K, reserved 1114112K
  class space    used 6250K, committed 6912K, reserved 1048576K
}
Event: 1605.760 GC heap after
{Heap after GC invocations=1279 (full 3):
 PSYoungGen      total 4096K, used 256K [0x00000000d5580000, 0x00000000d5c00000, 0x0000000100000000)
  eden space 3584K, 0% used [0x00000000d5580000,0x00000000d5580000,0x00000000d5900000)
  from space 512K, 50% used [0x00000000d5b80000,0x00000000d5bc0000,0x00000000d5c00000)
  to   space 512K, 0% used [0x00000000d5b00000,0x00000000d5b00000,0x00000000d5b80000)
 ParOldGen       total 802304K, used 203755K [0x0000000080000000, 0x00000000b0f80000, 0x00000000d5580000)
  object space 802304K, 25% used [0x0000000080000000,0x000000008c6fadd8,0x00000000b0f80000)
 Metaspace       used 59048K, committed 60544K, reserved 1114112K
  class space    used 6250K, committed 6912K, reserved 1048576K
}
Event: 4697.278 GC heap before
{Heap before GC invocations=1280 (full 3):
 PSYoungGen      total 4096K, used 3840K [0x00000000d5580000, 0x00000000d5c00000, 0x0000000100000000)
  eden space 3584K, 100% used [0x00000000d5580000,0x00000000d5900000,0x00000000d5900000)
  from space 512K, 50% used [0x00000000d5b80000,0x00000000d5bc0000,0x00000000d5c00000)
  to   space 512K, 0% used [0x00000000d5b00000,0x00000000d5b00000,0x00000000d5b80000)
 ParOldGen       total 802304K, used 203755K [0x0000000080000000, 0x00000000b0f80000, 0x00000000d5580000)
  object space 802304K, 25% used [0x0000000080000000,0x000000008c6fadd8,0x00000000b0f80000)
 Metaspace       used 59048K, committed 60544K, reserved 1114112K
  class space    used 6250K, committed 6912K, reserved 1048576K
}
Event: 4697.283 GC heap after
{Heap after GC invocations=1280 (full 3):
 PSYoungGen      total 4096K, used 128K [0x00000000d5580000, 0x00000000d5c00000, 0x0000000100000000)
  eden space 3584K, 0% used [0x00000000d5580000,0x00000000d5580000,0x00000000d5900000)
  from space 512K, 25% used [0x00000000d5b00000,0x00000000d5b20000,0x00000000d5b80000)
  to   space 512K, 0% used [0x00000000d5b80000,0x00000000d5b80000,0x00000000d5c00000)
 ParOldGen       total 802304K, used 203763K [0x0000000080000000, 0x00000000b0f80000, 0x00000000d5580000)
  object space 802304K, 25% used [0x0000000080000000,0x000000008c6fcdd8,0x00000000b0f80000)
 Metaspace       used 59048K, committed 60544K, reserved 1114112K
  class space    used 6250K, committed 6912K, reserved 1048576K
}
Event: 4841.634 GC heap before
{Heap before GC invocations=1281 (full 3):
 PSYoungGen      total 4096K, used 3711K [0x00000000d5580000, 0x00000000d5c00000, 0x0000000100000000)
  eden space 3584K, 99% used [0x00000000d5580000,0x00000000d58fffe8,0x00000000d5900000)
  from space 512K, 25% used [0x00000000d5b00000,0x00000000d5b20000,0x00000000d5b80000)
  to   space 512K, 0% used [0x00000000d5b80000,0x00000000d5b80000,0x00000000d5c00000)
 ParOldGen       total 802304K, used 203763K [0x0000000080000000, 0x00000000b0f80000, 0x00000000d5580000)
  object space 802304K, 25% used [0x0000000080000000,0x000000008c6fcdd8,0x00000000b0f80000)
 Metaspace       used 59060K, committed 60544K, reserved 1114112K
  class space    used 6250K, committed 6912K, reserved 1048576K
}
Event: 4841.636 GC heap after
{Heap after GC invocations=1281 (full 3):
 PSYoungGen      total 4096K, used 224K [0x00000000d5580000, 0x00000000d5c00000, 0x0000000100000000)
  eden space 3584K, 0% used [0x00000000d5580000,0x00000000d5580000,0x00000000d5900000)
  from space 512K, 43% used [0x00000000d5b80000,0x00000000d5bb8000,0x00000000d5c00000)
  to   space 512K, 0% used [0x00000000d5b00000,0x00000000d5b00000,0x00000000d5b80000)
 ParOldGen       total 802304K, used 203779K [0x0000000080000000, 0x00000000b0f80000, 0x00000000d5580000)
  object space 802304K, 25% used [0x0000000080000000,0x000000008c700dd8,0x00000000b0f80000)
 Metaspace       used 59060K, committed 60544K, reserved 1114112K
  class space    used 6250K, committed 6912K, reserved 1048576K
}
Event: 4888.245 GC heap before
{Heap before GC invocations=1282 (full 3):
 PSYoungGen      total 4096K, used 3808K [0x00000000d5580000, 0x00000000d5c00000, 0x0000000100000000)
  eden space 3584K, 100% used [0x00000000d5580000,0x00000000d5900000,0x00000000d5900000)
  from space 512K, 43% used [0x00000000d5b80000,0x00000000d5bb8000,0x00000000d5c00000)
  to   space 512K, 0% used [0x00000000d5b00000,0x00000000d5b00000,0x00000000d5b80000)
 ParOldGen       total 802304K, used 203779K [0x0000000080000000, 0x00000000b0f80000, 0x00000000d5580000)
  object space 802304K, 25% used [0x0000000080000000,0x000000008c700dd8,0x00000000b0f80000)
 Metaspace       used 59079K, committed 60544K, reserved 1114112K
  class space    used 6253K, committed 6912K, reserved 1048576K
}
Event: 4888.247 GC heap after
{Heap after GC invocations=1282 (full 3):
 PSYoungGen      total 4096K, used 224K [0x00000000d5580000, 0x00000000d5c00000, 0x0000000100000000)
  eden space 3584K, 0% used [0x00000000d5580000,0x00000000d5580000,0x00000000d5900000)
  from space 512K, 43% used [0x00000000d5b00000,0x00000000d5b38000,0x00000000d5b80000)
  to   space 512K, 0% used [0x00000000d5b80000,0x00000000d5b80000,0x00000000d5c00000)
 ParOldGen       total 802304K, used 203779K [0x0000000080000000, 0x00000000b0f80000, 0x00000000d5580000)
  object space 802304K, 25% used [0x0000000080000000,0x000000008c700dd8,0x00000000b0f80000)
 Metaspace       used 59079K, committed 60544K, reserved 1114112K
  class space    used 6253K, committed 6912K, reserved 1048576K
}
Event: 5000.644 GC heap before
{Heap before GC invocations=1283 (full 3):
 PSYoungGen      total 4096K, used 3808K [0x00000000d5580000, 0x00000000d5c00000, 0x0000000100000000)
  eden space 3584K, 100% used [0x00000000d5580000,0x00000000d5900000,0x00000000d5900000)
  from space 512K, 43% used [0x00000000d5b00000,0x00000000d5b38000,0x00000000d5b80000)
  to   space 512K, 0% used [0x00000000d5b80000,0x00000000d5b80000,0x00000000d5c00000)
 ParOldGen       total 802304K, used 203779K [0x0000000080000000, 0x00000000b0f80000, 0x00000000d5580000)
  object space 802304K, 25% used [0x0000000080000000,0x000000008c700dd8,0x00000000b0f80000)
 Metaspace       used 59079K, committed 60544K, reserved 1114112K
  class space    used 6253K, committed 6912K, reserved 1048576K
}
Event: 5000.649 GC heap after
{Heap after GC invocations=1283 (full 3):
 PSYoungGen      total 4096K, used 192K [0x00000000d5580000, 0x00000000d5c00000, 0x0000000100000000)
  eden space 3584K, 0% used [0x00000000d5580000,0x00000000d5580000,0x00000000d5900000)
  from space 512K, 37% used [0x00000000d5b80000,0x00000000d5bb0000,0x00000000d5c00000)
  to   space 512K, 0% used [0x00000000d5b00000,0x00000000d5b00000,0x00000000d5b80000)
 ParOldGen       total 802304K, used 203811K [0x0000000080000000, 0x00000000b0f80000, 0x00000000d5580000)
  object space 802304K, 25% used [0x0000000080000000,0x000000008c708dd8,0x00000000b0f80000)
 Metaspace       used 59079K, committed 60544K, reserved 1114112K
  class space    used 6253K, committed 6912K, reserved 1048576K
}
Event: 5022.891 GC heap before
{Heap before GC invocations=1284 (full 3):
 PSYoungGen      total 4096K, used 3775K [0x00000000d5580000, 0x00000000d5c00000, 0x0000000100000000)
  eden space 3584K, 99% used [0x00000000d5580000,0x00000000d58ffff0,0x00000000d5900000)
  from space 512K, 37% used [0x00000000d5b80000,0x00000000d5bb0000,0x00000000d5c00000)
  to   space 512K, 0% used [0x00000000d5b00000,0x00000000d5b00000,0x00000000d5b80000)
 ParOldGen       total 802304K, used 203811K [0x0000000080000000, 0x00000000b0f80000, 0x00000000d5580000)
  object space 802304K, 25% used [0x0000000080000000,0x000000008c708dd8,0x00000000b0f80000)
 Metaspace       used 59088K, committed 60544K, reserved 1114112K
  class space    used 6253K, committed 6912K, reserved 1048576K
}
Event: 5022.893 GC heap after
{Heap after GC invocations=1284 (full 3):
 PSYoungGen      total 4096K, used 416K [0x00000000d5580000, 0x00000000d5c00000, 0x0000000100000000)
  eden space 3584K, 0% used [0x00000000d5580000,0x00000000d5580000,0x00000000d5900000)
  from space 512K, 81% used [0x00000000d5b00000,0x00000000d5b68020,0x00000000d5b80000)
  to   space 512K, 0% used [0x00000000d5b80000,0x00000000d5b80000,0x00000000d5c00000)
 ParOldGen       total 802304K, used 203819K [0x0000000080000000, 0x00000000b0f80000, 0x00000000d5580000)
  object space 802304K, 25% used [0x0000000080000000,0x000000008c70add8,0x00000000b0f80000)
 Metaspace       used 59088K, committed 60544K, reserved 1114112K
  class space    used 6253K, committed 6912K, reserved 1048576K
}

